{"/Users/joe/Workspace/Fourth of 5/FRP/fnutil/core/index.js":{"path":"/Users/joe/Workspace/Fourth of 5/FRP/fnutil/core/index.js","s":{"1":1,"2":1,"3":3,"4":1,"5":1,"6":1,"7":1,"8":1,"9":1},"b":{"1":[0,3],"2":[3,3]},"f":{"1":3},"fnMap":{"1":{"name":"_interopRequire","line":8,"loc":{"start":{"line":8,"column":0},"end":{"line":8,"column":30}},"skip":true}},"statementMap":{"1":{"end":{"line":5,"column":3},"start":{"line":3,"column":0}},"2":{"start":{"line":8,"column":0},"end":{"line":8,"column":86},"skip":true},"3":{"start":{"line":8,"column":32},"end":{"line":8,"column":84},"skip":true},"4":{"end":{"line":10,"column":32},"start":{"line":10,"column":0}},"5":{"end":{"line":12,"column":40},"start":{"line":12,"column":0}},"6":{"end":{"line":14,"column":42},"start":{"line":14,"column":0}},"7":{"end":{"line":16,"column":50},"start":{"line":16,"column":0}},"8":{"end":{"line":18,"column":36},"start":{"line":18,"column":0}},"9":{"end":{"line":20,"column":44},"start":{"line":20,"column":0}}},"branchMap":{"1":{"line":9,"type":"cond-expr","locations":[{"start":{"line":8,"column":63},"end":{"line":8,"column":77},"skip":true},{"start":{"line":8,"column":80},"end":{"line":8,"column":83},"skip":true}]},"2":{"line":9,"type":"binary-expr","locations":[{"start":{"line":8,"column":39},"end":{"line":8,"column":42},"skip":true},{"start":{"line":8,"column":46},"end":{"line":8,"column":60},"skip":true}]}}},"/Users/joe/Workspace/Fourth of 5/FRP/fnutil/core/curry.js":{"path":"/Users/joe/Workspace/Fourth of 5/FRP/fnutil/core/curry.js","s":{"1":1,"2":1,"3":1,"4":26,"5":26,"6":55,"7":26,"8":0,"9":1,"10":36,"11":36,"12":52,"13":53,"14":52,"15":52,"16":1},"b":{"1":[26,0],"2":[10,26],"3":[36,26],"4":[26,26]},"f":{"1":26,"2":36,"3":52},"fnMap":{"1":{"name":"_toConsumableArray","line":9,"loc":{"start":{"line":9,"column":0},"end":{"line":9,"column":33}},"skip":true},"2":{"loc":{"start":{"line":11,"column":0},"end":{"line":11,"column":19}},"line":17,"name":"curry"},"3":{"loc":{"start":{"line":14,"column":8},"end":{"line":14,"column":20}},"line":20,"name":"(anonymous_3)"}},"statementMap":{"1":{"end":{"line":5,"column":3},"start":{"line":3,"column":0}},"2":{"end":{"line":6,"column":27},"start":{"line":6,"column":0}},"3":{"start":{"line":9,"column":0},"end":{"line":9,"column":191},"skip":true},"4":{"start":{"line":9,"column":35},"end":{"line":9,"column":189},"skip":true},"5":{"start":{"line":9,"column":61},"end":{"line":9,"column":141},"skip":true},"6":{"start":{"line":9,"column":124},"end":{"line":9,"column":141},"skip":true},"7":{"start":{"line":9,"column":141},"end":{"line":9,"column":154},"skip":true},"8":{"start":{"line":9,"column":164},"end":{"line":9,"column":187},"skip":true},"9":{"end":{"line":22,"column":1},"start":{"line":11,"column":0}},"10":{"end":{"line":12,"column":84},"start":{"line":12,"column":1}},"11":{"end":{"line":21,"column":3},"start":{"line":14,"column":1}},"12":{"end":{"line":17,"column":3},"start":{"line":15,"column":2}},"13":{"end":{"line":16,"column":29},"start":{"line":16,"column":3}},"14":{"end":{"line":19,"column":25},"start":{"line":19,"column":2}},"15":{"end":{"line":20,"column":91},"start":{"line":20,"column":2}},"16":{"end":{"line":24,"column":36},"start":{"line":24,"column":0}}},"branchMap":{"1":{"line":10,"type":"if","locations":[{"start":{"line":9,"column":35},"end":{"line":9,"column":35},"skip":true},{"start":{"line":9,"column":35},"end":{"line":9,"column":35},"skip":true}]},"2":{"line":18,"type":"cond-expr","locations":[{"end":{"line":12,"column":68},"start":{"line":12,"column":66}},{"end":{"line":12,"column":83},"start":{"line":12,"column":71}}]},"3":{"line":18,"type":"binary-expr","locations":[{"end":{"line":12,"column":33},"start":{"line":12,"column":12}},{"end":{"line":12,"column":63},"start":{"line":12,"column":37}}]},"4":{"line":26,"type":"cond-expr","locations":[{"end":{"line":20,"column":75},"start":{"line":20,"column":33}},{"end":{"line":20,"column":90},"start":{"line":20,"column":78}}]}}},"/Users/joe/Workspace/Fourth of 5/FRP/fnutil/core/curryRight.js":{"path":"/Users/joe/Workspace/Fourth of 5/FRP/fnutil/core/curryRight.js","s":{"1":1,"2":1,"3":1,"4":2,"5":2,"6":6,"7":2,"8":0,"9":1,"10":6,"11":6,"12":6,"13":6,"14":6,"15":6,"16":1},"b":{"1":[2,0],"2":[2,4],"3":[6,4],"4":[2,4]},"f":{"1":2,"2":6,"3":6},"fnMap":{"1":{"name":"_toConsumableArray","line":9,"loc":{"start":{"line":9,"column":0},"end":{"line":9,"column":33}},"skip":true},"2":{"loc":{"start":{"line":11,"column":0},"end":{"line":11,"column":24}},"line":17,"name":"curryRight"},"3":{"loc":{"start":{"line":14,"column":8},"end":{"line":14,"column":20}},"line":20,"name":"(anonymous_3)"}},"statementMap":{"1":{"end":{"line":5,"column":3},"start":{"line":3,"column":0}},"2":{"end":{"line":6,"column":32},"start":{"line":6,"column":0}},"3":{"start":{"line":9,"column":0},"end":{"line":9,"column":191},"skip":true},"4":{"start":{"line":9,"column":35},"end":{"line":9,"column":189},"skip":true},"5":{"start":{"line":9,"column":61},"end":{"line":9,"column":141},"skip":true},"6":{"start":{"line":9,"column":124},"end":{"line":9,"column":141},"skip":true},"7":{"start":{"line":9,"column":141},"end":{"line":9,"column":154},"skip":true},"8":{"start":{"line":9,"column":164},"end":{"line":9,"column":187},"skip":true},"9":{"end":{"line":22,"column":1},"start":{"line":11,"column":0}},"10":{"end":{"line":12,"column":84},"start":{"line":12,"column":1}},"11":{"end":{"line":21,"column":3},"start":{"line":14,"column":1}},"12":{"end":{"line":17,"column":3},"start":{"line":15,"column":2}},"13":{"end":{"line":16,"column":29},"start":{"line":16,"column":3}},"14":{"end":{"line":19,"column":25},"start":{"line":19,"column":2}},"15":{"end":{"line":20,"column":114},"start":{"line":20,"column":2}},"16":{"end":{"line":24,"column":36},"start":{"line":24,"column":0}}},"branchMap":{"1":{"line":10,"type":"if","locations":[{"start":{"line":9,"column":35},"end":{"line":9,"column":35},"skip":true},{"start":{"line":9,"column":35},"end":{"line":9,"column":35},"skip":true}]},"2":{"line":18,"type":"cond-expr","locations":[{"end":{"line":12,"column":68},"start":{"line":12,"column":66}},{"end":{"line":12,"column":83},"start":{"line":12,"column":71}}]},"3":{"line":18,"type":"binary-expr","locations":[{"end":{"line":12,"column":33},"start":{"line":12,"column":12}},{"end":{"line":12,"column":63},"start":{"line":12,"column":37}}]},"4":{"line":26,"type":"cond-expr","locations":[{"end":{"line":20,"column":93},"start":{"line":20,"column":33}},{"end":{"line":20,"column":113},"start":{"line":20,"column":96}}]}}},"/Users/joe/Workspace/Fourth of 5/FRP/fnutil/core/memoize.js":{"path":"/Users/joe/Workspace/Fourth of 5/FRP/fnutil/core/memoize.js","s":{"1":1,"2":1,"3":1,"4":3,"5":3,"6":4,"7":8,"8":4,"9":8,"10":4,"11":3,"12":4,"13":3,"14":4,"15":1},"b":{"1":[2,6],"2":[3,1]},"f":{"1":3,"2":4,"3":8,"4":4},"fnMap":{"1":{"loc":{"start":{"line":8,"column":0},"end":{"line":8,"column":21}},"line":8,"name":"memoize"},"2":{"loc":{"start":{"line":10,"column":12},"end":{"line":10,"column":28}},"line":10,"name":"memo"},"3":{"loc":{"start":{"line":15,"column":21},"end":{"line":15,"column":42}},"line":15,"name":"(anonymous_3)"},"4":{"loc":{"start":{"line":23,"column":19},"end":{"line":23,"column":36}},"line":23,"name":"value"}},"statementMap":{"1":{"end":{"line":5,"column":3},"start":{"line":3,"column":0}},"2":{"end":{"line":6,"column":29},"start":{"line":6,"column":0}},"3":{"end":{"line":27,"column":1},"start":{"line":8,"column":0}},"4":{"end":{"line":9,"column":23},"start":{"line":9,"column":1}},"5":{"end":{"line":20,"column":3},"start":{"line":10,"column":1}},"6":{"end":{"line":13,"column":3},"start":{"line":11,"column":2}},"7":{"end":{"line":12,"column":29},"start":{"line":12,"column":3}},"8":{"end":{"line":17,"column":9},"start":{"line":15,"column":2}},"9":{"end":{"line":16,"column":66},"start":{"line":16,"column":3}},"10":{"end":{"line":18,"column":62},"start":{"line":18,"column":2}},"11":{"end":{"line":18,"column":62},"start":{"line":18,"column":23}},"12":{"end":{"line":19,"column":24},"start":{"line":19,"column":2}},"13":{"end":{"line":26,"column":4},"start":{"line":21,"column":1}},"14":{"end":{"line":24,"column":17},"start":{"line":24,"column":4}},"15":{"end":{"line":29,"column":36},"start":{"line":29,"column":0}}},"branchMap":{"1":{"line":16,"type":"cond-expr","locations":[{"end":{"line":16,"column":59},"start":{"line":16,"column":40}},{"end":{"line":16,"column":65},"start":{"line":16,"column":62}}]},"2":{"line":18,"type":"if","locations":[{"end":{"line":18,"column":2},"start":{"line":18,"column":2}},{"end":{"line":18,"column":2},"start":{"line":18,"column":2}}]}}},"/Users/joe/Workspace/Fourth of 5/FRP/fnutil/decorators/index.js":{"path":"/Users/joe/Workspace/Fourth of 5/FRP/fnutil/decorators/index.js","s":{"1":1,"2":1,"3":3,"4":1,"5":1,"6":1,"7":1,"8":1,"9":1},"b":{"1":[0,3],"2":[3,3]},"f":{"1":3},"fnMap":{"1":{"name":"_interopRequire","line":8,"loc":{"start":{"line":8,"column":0},"end":{"line":8,"column":30}},"skip":true}},"statementMap":{"1":{"end":{"line":5,"column":3},"start":{"line":3,"column":0}},"2":{"start":{"line":8,"column":0},"end":{"line":8,"column":86},"skip":true},"3":{"start":{"line":8,"column":32},"end":{"line":8,"column":84},"skip":true},"4":{"end":{"line":10,"column":32},"start":{"line":10,"column":0}},"5":{"end":{"line":12,"column":40},"start":{"line":12,"column":0}},"6":{"end":{"line":14,"column":42},"start":{"line":14,"column":0}},"7":{"end":{"line":16,"column":50},"start":{"line":16,"column":0}},"8":{"end":{"line":18,"column":36},"start":{"line":18,"column":0}},"9":{"end":{"line":20,"column":44},"start":{"line":20,"column":0}}},"branchMap":{"1":{"line":9,"type":"cond-expr","locations":[{"start":{"line":8,"column":63},"end":{"line":8,"column":77},"skip":true},{"start":{"line":8,"column":80},"end":{"line":8,"column":83},"skip":true}]},"2":{"line":9,"type":"binary-expr","locations":[{"start":{"line":8,"column":39},"end":{"line":8,"column":42},"skip":true},{"start":{"line":8,"column":46},"end":{"line":8,"column":60},"skip":true}]}}},"/Users/joe/Workspace/Fourth of 5/FRP/fnutil/decorators/curry.js":{"path":"/Users/joe/Workspace/Fourth of 5/FRP/fnutil/decorators/curry.js","s":{"1":1,"2":1,"3":2,"4":1,"5":1,"6":1,"7":1,"8":1,"9":1},"b":{"1":[0,2],"2":[2,2]},"f":{"1":2},"fnMap":{"1":{"name":"_interopRequireDefault","line":8,"loc":{"start":{"line":8,"column":0},"end":{"line":8,"column":37}},"skip":true}},"statementMap":{"1":{"end":{"line":5,"column":3},"start":{"line":3,"column":0}},"2":{"start":{"line":8,"column":0},"end":{"line":8,"column":97},"skip":true},"3":{"start":{"line":8,"column":39},"end":{"line":8,"column":95},"skip":true},"4":{"end":{"line":10,"column":34},"start":{"line":10,"column":0}},"5":{"end":{"line":12,"column":47},"start":{"line":12,"column":0}},"6":{"end":{"line":14,"column":42},"start":{"line":14,"column":0}},"7":{"end":{"line":16,"column":53},"start":{"line":16,"column":0}},"8":{"end":{"line":18,"column":70},"start":{"line":18,"column":0}},"9":{"end":{"line":19,"column":36},"start":{"line":19,"column":0}}},"branchMap":{"1":{"line":9,"type":"cond-expr","locations":[{"start":{"line":8,"column":70},"end":{"line":8,"column":73},"skip":true},{"start":{"line":8,"column":76},"end":{"line":8,"column":94},"skip":true}]},"2":{"line":9,"type":"binary-expr","locations":[{"start":{"line":8,"column":46},"end":{"line":8,"column":49},"skip":true},{"start":{"line":8,"column":53},"end":{"line":8,"column":67},"skip":true}]}}},"/Users/joe/Workspace/Fourth of 5/FRP/fnutil/decorators/create.js":{"path":"/Users/joe/Workspace/Fourth of 5/FRP/fnutil/decorators/create.js","s":{"1":1,"2":1,"3":0,"4":0,"5":0,"6":0,"7":0,"8":0,"9":1,"10":1,"11":3,"12":11,"13":1},"b":{"1":[1,0],"2":[0,0]},"f":{"1":0,"2":3,"3":11},"fnMap":{"1":{"name":"(anonymous_1)","line":8,"loc":{"start":{"line":8,"column":32},"end":{"line":8,"column":50}},"skip":true},"2":{"loc":{"start":{"line":12,"column":0},"end":{"line":12,"column":20}},"line":20,"name":"create"},"3":{"loc":{"start":{"line":13,"column":8},"end":{"line":13,"column":43}},"line":21,"name":"(anonymous_3)"}},"statementMap":{"1":{"end":{"line":5,"column":3},"start":{"line":3,"column":0}},"2":{"start":{"line":8,"column":0},"end":{"line":8,"column":257},"skip":true},"3":{"start":{"line":8,"column":52},"end":{"line":8,"column":239},"skip":true},"4":{"start":{"line":8,"column":97},"end":{"line":8,"column":123},"skip":true},"5":{"start":{"line":8,"column":123},"end":{"line":8,"column":237},"skip":true},"6":{"start":{"line":8,"column":150},"end":{"line":8,"column":235},"skip":true},"7":{"start":{"line":8,"column":207},"end":{"line":8,"column":233},"skip":true},"8":{"start":{"line":8,"column":239},"end":{"line":8,"column":254},"skip":true},"9":{"end":{"line":10,"column":28},"start":{"line":10,"column":0}},"10":{"end":{"line":18,"column":1},"start":{"line":12,"column":0}},"11":{"end":{"line":17,"column":3},"start":{"line":13,"column":1}},"12":{"end":{"line":16,"column":5},"start":{"line":14,"column":2}},"13":{"end":{"line":20,"column":36},"start":{"line":20,"column":0}}},"branchMap":{"1":{"line":8,"type":"binary-expr","locations":[{"start":{"line":8,"column":15},"end":{"line":8,"column":28},"skip":true},{"start":{"line":8,"column":32},"end":{"line":8,"column":256},"skip":true}]},"2":{"line":11,"type":"if","locations":[{"start":{"line":8,"column":150},"end":{"line":8,"column":150},"skip":true},{"start":{"line":8,"column":150},"end":{"line":8,"column":150},"skip":true}]}}},"/Users/joe/Workspace/Fourth of 5/FRP/fnutil/decorators/curryRight.js":{"path":"/Users/joe/Workspace/Fourth of 5/FRP/fnutil/decorators/curryRight.js","s":{"1":1,"2":1,"3":2,"4":1,"5":1,"6":1,"7":1,"8":1,"9":1},"b":{"1":[0,2],"2":[2,2]},"f":{"1":2},"fnMap":{"1":{"name":"_interopRequireDefault","line":8,"loc":{"start":{"line":8,"column":0},"end":{"line":8,"column":37}},"skip":true}},"statementMap":{"1":{"end":{"line":5,"column":3},"start":{"line":3,"column":0}},"2":{"start":{"line":8,"column":0},"end":{"line":8,"column":97},"skip":true},"3":{"start":{"line":8,"column":39},"end":{"line":8,"column":95},"skip":true},"4":{"end":{"line":10,"column":34},"start":{"line":10,"column":0}},"5":{"end":{"line":12,"column":47},"start":{"line":12,"column":0}},"6":{"end":{"line":14,"column":52},"start":{"line":14,"column":0}},"7":{"end":{"line":16,"column":63},"start":{"line":16,"column":0}},"8":{"end":{"line":18,"column":75},"start":{"line":18,"column":0}},"9":{"end":{"line":19,"column":36},"start":{"line":19,"column":0}}},"branchMap":{"1":{"line":9,"type":"cond-expr","locations":[{"start":{"line":8,"column":70},"end":{"line":8,"column":73},"skip":true},{"start":{"line":8,"column":76},"end":{"line":8,"column":94},"skip":true}]},"2":{"line":9,"type":"binary-expr","locations":[{"start":{"line":8,"column":46},"end":{"line":8,"column":49},"skip":true},{"start":{"line":8,"column":53},"end":{"line":8,"column":67},"skip":true}]}}},"/Users/joe/Workspace/Fourth of 5/FRP/fnutil/decorators/memoize.js":{"path":"/Users/joe/Workspace/Fourth of 5/FRP/fnutil/decorators/memoize.js","s":{"1":1,"2":1,"3":2,"4":1,"5":1,"6":1,"7":1,"8":1,"9":1},"b":{"1":[0,2],"2":[2,2]},"f":{"1":2},"fnMap":{"1":{"name":"_interopRequireDefault","line":8,"loc":{"start":{"line":8,"column":0},"end":{"line":8,"column":37}},"skip":true}},"statementMap":{"1":{"end":{"line":5,"column":3},"start":{"line":3,"column":0}},"2":{"start":{"line":8,"column":0},"end":{"line":8,"column":97},"skip":true},"3":{"start":{"line":8,"column":39},"end":{"line":8,"column":95},"skip":true},"4":{"end":{"line":10,"column":34},"start":{"line":10,"column":0}},"5":{"end":{"line":12,"column":47},"start":{"line":12,"column":0}},"6":{"end":{"line":14,"column":46},"start":{"line":14,"column":0}},"7":{"end":{"line":16,"column":57},"start":{"line":16,"column":0}},"8":{"end":{"line":18,"column":72},"start":{"line":18,"column":0}},"9":{"end":{"line":19,"column":36},"start":{"line":19,"column":0}}},"branchMap":{"1":{"line":9,"type":"cond-expr","locations":[{"start":{"line":8,"column":70},"end":{"line":8,"column":73},"skip":true},{"start":{"line":8,"column":76},"end":{"line":8,"column":94},"skip":true}]},"2":{"line":9,"type":"binary-expr","locations":[{"start":{"line":8,"column":46},"end":{"line":8,"column":49},"skip":true},{"start":{"line":8,"column":53},"end":{"line":8,"column":67},"skip":true}]}}},"/Users/joe/Workspace/Fourth of 5/FRP/fnutil/index.js":{"path":"/Users/joe/Workspace/Fourth of 5/FRP/fnutil/index.js","s":{"1":1,"2":1,"3":1,"4":1,"5":3,"6":2,"7":1,"8":1,"9":1,"10":3,"11":3,"12":1,"13":1,"14":1,"15":1,"16":1,"17":1,"18":1,"19":1,"20":1,"21":1,"22":1,"23":1},"b":{"1":[0,1],"2":[1,1],"3":[2,1],"4":[3,3],"5":[1,0],"6":[3,0]},"f":{"1":1,"2":3},"fnMap":{"1":{"name":"_interopRequireDefault","line":8,"loc":{"start":{"line":8,"column":0},"end":{"line":8,"column":37}},"skip":true},"2":{"name":"_interopRequireWildcard","line":14,"loc":{"start":{"line":12,"column":0},"end":{"line":12,"column":38}},"skip":true}},"statementMap":{"1":{"end":{"line":5,"column":3},"start":{"line":3,"column":0}},"2":{"start":{"line":8,"column":0},"end":{"line":8,"column":97},"skip":true},"3":{"start":{"line":8,"column":39},"end":{"line":8,"column":95},"skip":true},"4":{"start":{"line":12,"column":0},"end":{"line":12,"column":272},"skip":true},"5":{"start":{"line":12,"column":40},"end":{"line":12,"column":270},"skip":true},"6":{"start":{"line":12,"column":69},"end":{"line":12,"column":80},"skip":true},"7":{"start":{"line":12,"column":90},"end":{"line":12,"column":106},"skip":true},"8":{"start":{"line":12,"column":106},"end":{"line":12,"column":228},"skip":true},"9":{"start":{"line":12,"column":126},"end":{"line":12,"column":226},"skip":true},"10":{"start":{"line":12,"column":149},"end":{"line":12,"column":224},"skip":true},"11":{"start":{"line":12,"column":201},"end":{"line":12,"column":224},"skip":true},"12":{"start":{"line":12,"column":228},"end":{"line":12,"column":253},"skip":true},"13":{"start":{"line":12,"column":253},"end":{"line":12,"column":268},"skip":true},"14":{"end":{"line":14,"column":30},"start":{"line":14,"column":0}},"15":{"end":{"line":16,"column":42},"start":{"line":16,"column":0}},"16":{"end":{"line":18,"column":42},"start":{"line":18,"column":0}},"17":{"end":{"line":20,"column":54},"start":{"line":20,"column":0}},"18":{"end":{"line":22,"column":42},"start":{"line":22,"column":0}},"19":{"end":{"line":24,"column":54},"start":{"line":24,"column":0}},"20":{"end":{"line":26,"column":32},"start":{"line":26,"column":0}},"21":{"end":{"line":28,"column":45},"start":{"line":28,"column":0}},"22":{"end":{"line":35,"column":2},"start":{"line":30,"column":0}},"23":{"end":{"line":36,"column":36},"start":{"line":36,"column":0}}},"branchMap":{"1":{"line":9,"type":"cond-expr","locations":[{"start":{"line":8,"column":70},"end":{"line":8,"column":73},"skip":true},{"start":{"line":8,"column":76},"end":{"line":8,"column":94},"skip":true}]},"2":{"line":9,"type":"binary-expr","locations":[{"start":{"line":8,"column":46},"end":{"line":8,"column":49},"skip":true},{"start":{"line":8,"column":53},"end":{"line":8,"column":67},"skip":true}]},"3":{"line":15,"type":"if","locations":[{"start":{"line":12,"column":40},"end":{"line":12,"column":40},"skip":true},{"start":{"line":12,"column":40},"end":{"line":12,"column":40},"skip":true}]},"4":{"line":15,"type":"binary-expr","locations":[{"start":{"line":12,"column":44},"end":{"line":12,"column":47},"skip":true},{"start":{"line":12,"column":51},"end":{"line":12,"column":65},"skip":true}]},"5":{"line":18,"type":"if","locations":[{"start":{"line":12,"column":106},"end":{"line":12,"column":106},"skip":true},{"start":{"line":12,"column":106},"end":{"line":12,"column":106},"skip":true}]},"6":{"line":20,"type":"if","locations":[{"start":{"line":12,"column":149},"end":{"line":12,"column":149},"skip":true},{"start":{"line":12,"column":149},"end":{"line":12,"column":149},"skip":true}]}}},"/Users/joe/Workspace/Fourth of 5/FRP/fnutil/observable/index.js":{"path":"/Users/joe/Workspace/Fourth of 5/FRP/fnutil/observable/index.js","s":{"1":1,"2":1,"3":0,"4":0,"5":0,"6":0,"7":0,"8":0,"9":1,"10":1,"11":21,"12":0,"13":21,"14":21,"15":1,"16":44,"17":1,"18":1,"19":1,"20":1,"21":1,"22":1,"23":24,"24":24,"25":13,"26":24,"27":24,"28":3,"29":3,"30":3,"31":2,"32":2,"33":1,"34":3,"35":2,"36":3,"37":3,"38":14,"39":18,"40":18,"41":18,"42":14,"43":10,"44":14,"45":14,"46":6,"47":7,"48":96,"49":96,"50":96,"51":96,"52":96,"53":1,"54":1,"55":1,"56":3,"57":1,"58":31,"59":31,"60":10,"61":31,"62":1,"63":1,"64":1,"65":1,"66":1,"67":1,"68":0,"69":0,"70":0,"71":0,"72":0,"73":179,"74":63,"75":179,"76":75,"77":95,"78":95,"79":11,"80":84,"81":84,"82":19,"83":84,"84":39,"85":2,"86":1,"87":2,"88":1,"89":1,"90":1,"91":1,"92":3,"93":3,"94":0,"95":1,"96":1,"97":3,"98":3,"99":3,"100":3,"101":27,"102":27,"103":54,"104":9,"105":9,"106":3,"107":9,"108":3,"109":1,"110":66,"111":66,"112":66,"113":66,"114":66,"115":12,"116":66,"117":1,"118":1},"b":{"1":[1,0],"2":[0,0],"3":[0,21],"4":[13,11],"5":[2,1],"6":[10,4],"7":[45,51],"8":[96,51],"9":[10,21],"10":[1,0],"11":[0,0],"12":[11,84],"13":[0,3],"14":[1,2],"15":[3,2],"16":[9,18],"17":[13,53],"18":[66,53],"19":[49,17],"20":[66,17],"21":[12,54],"22":[54,12]},"f":{"1":0,"2":21,"3":44,"4":24,"5":3,"6":3,"7":2,"8":1,"9":14,"10":18,"11":6,"12":7,"13":96,"14":1,"15":3,"16":31,"17":1,"18":1,"19":0,"20":0,"21":179,"22":63,"23":75,"24":95,"25":19,"26":39,"27":2,"28":1,"29":1,"30":1,"31":3,"32":3,"33":27,"34":54,"35":9,"36":66},"fnMap":{"1":{"name":"(anonymous_1)","line":8,"loc":{"start":{"line":8,"column":32},"end":{"line":8,"column":50}},"skip":true},"2":{"name":"_defineProperty","line":24,"loc":{"start":{"line":16,"column":0},"end":{"line":16,"column":42}},"skip":true},"3":{"loc":{"start":{"line":18,"column":9},"end":{"line":18,"column":24}},"line":32,"name":"id"},"4":{"loc":{"start":{"line":33,"column":7},"end":{"line":33,"column":23}},"line":47,"name":"map"},"5":{"loc":{"start":{"line":39,"column":14},"end":{"line":39,"column":37}},"line":53,"name":"mapPromise"},"6":{"loc":{"start":{"line":40,"column":49},"end":{"line":40,"column":62}},"line":54,"name":"(anonymous_6)"},"7":{"loc":{"start":{"line":45,"column":16},"end":{"line":45,"column":29}},"line":59,"name":"(anonymous_7)"},"8":{"loc":{"start":{"line":48,"column":18},"end":{"line":48,"column":31}},"line":62,"name":"(anonymous_8)"},"9":{"loc":{"start":{"line":56,"column":10},"end":{"line":56,"column":29}},"line":70,"name":"filter"},"10":{"loc":{"start":{"line":57,"column":49},"end":{"line":57,"column":62}},"line":71,"name":"(anonymous_10)"},"11":{"loc":{"start":{"line":66,"column":13},"end":{"line":66,"column":35}},"line":80,"name":"filterNot"},"12":{"loc":{"start":{"line":67,"column":23},"end":{"line":67,"column":36}},"line":81,"name":"(anonymous_12)"},"13":{"loc":{"start":{"line":71,"column":8},"end":{"line":71,"column":25}},"line":85,"name":"plug"},"14":{"loc":{"start":{"line":81,"column":13},"end":{"line":81,"column":37}},"line":95,"name":"sampledBy"},"15":{"loc":{"start":{"line":87,"column":12},"end":{"line":87,"column":24}},"line":101,"name":"(anonymous_15)"},"16":{"loc":{"start":{"line":92,"column":11},"end":{"line":92,"column":32}},"line":106,"name":"onValue"},"17":{"loc":{"start":{"line":97,"column":12},"end":{"line":97,"column":34}},"line":111,"name":"offValue"},"18":{"loc":{"start":{"line":102,"column":11},"end":{"line":102,"column":32}},"line":116,"name":"onError"},"19":{"loc":{"start":{"line":106,"column":12},"end":{"line":106,"column":34}},"line":120,"name":"offError"},"20":{"loc":{"start":{"line":111,"column":11},"end":{"line":111,"column":30}},"line":125,"name":"valueOf"},"21":{"loc":{"start":{"line":114,"column":40},"end":{"line":114,"column":55}},"line":128,"name":"(anonymous_21)"},"22":{"loc":{"start":{"line":115,"column":27},"end":{"line":115,"column":42}},"line":129,"name":"(anonymous_22)"},"23":{"loc":{"start":{"line":121,"column":41},"end":{"line":121,"column":54}},"line":135,"name":"(anonymous_23)"},"24":{"loc":{"start":{"line":123,"column":39},"end":{"line":123,"column":52}},"line":137,"name":"(anonymous_24)"},"25":{"loc":{"start":{"line":132,"column":30},"end":{"line":132,"column":44}},"line":146,"name":"(anonymous_25)"},"26":{"loc":{"start":{"line":135,"column":27},"end":{"line":135,"column":42}},"line":149,"name":"(anonymous_26)"},"27":{"loc":{"start":{"line":138,"column":40},"end":{"line":138,"column":55}},"line":152,"name":"(anonymous_27)"},"28":{"loc":{"start":{"line":139,"column":30},"end":{"line":139,"column":44}},"line":153,"name":"(anonymous_28)"},"29":{"loc":{"start":{"line":142,"column":27},"end":{"line":142,"column":42}},"line":156,"name":"(anonymous_29)"},"30":{"loc":{"start":{"line":147,"column":0},"end":{"line":147,"column":20}},"line":161,"name":"merge"},"31":{"loc":{"start":{"line":149,"column":14},"end":{"line":149,"column":27}},"line":163,"name":"(anonymous_31)"},"32":{"loc":{"start":{"line":156,"column":0},"end":{"line":156,"column":22}},"line":170,"name":"combine"},"33":{"loc":{"start":{"line":161,"column":20},"end":{"line":161,"column":47}},"line":175,"name":"addToBuffer"},"34":{"loc":{"start":{"line":163,"column":37},"end":{"line":163,"column":50}},"line":177,"name":"(anonymous_34)"},"35":{"loc":{"start":{"line":170,"column":14},"end":{"line":170,"column":30}},"line":184,"name":"(anonymous_35)"},"36":{"loc":{"start":{"line":176,"column":0},"end":{"line":176,"column":14}},"line":190,"name":"of"}},"statementMap":{"1":{"end":{"line":5,"column":3},"start":{"line":3,"column":0}},"2":{"start":{"line":8,"column":0},"end":{"line":8,"column":257},"skip":true},"3":{"start":{"line":8,"column":52},"end":{"line":8,"column":239},"skip":true},"4":{"start":{"line":8,"column":97},"end":{"line":8,"column":123},"skip":true},"5":{"start":{"line":8,"column":123},"end":{"line":8,"column":237},"skip":true},"6":{"start":{"line":8,"column":150},"end":{"line":8,"column":235},"skip":true},"7":{"start":{"line":8,"column":207},"end":{"line":8,"column":233},"skip":true},"8":{"start":{"line":8,"column":239},"end":{"line":8,"column":254},"skip":true},"9":{"start":{"line":12,"column":0},"end":{"line":12,"column":16},"skip":true},"10":{"start":{"line":16,"column":0},"end":{"line":16,"column":209},"skip":true},"11":{"start":{"line":16,"column":44},"end":{"line":16,"column":195},"skip":true},"12":{"start":{"line":16,"column":62},"end":{"line":16,"column":166},"skip":true},"13":{"start":{"line":16,"column":176},"end":{"line":16,"column":193},"skip":true},"14":{"start":{"line":16,"column":195},"end":{"line":16,"column":207},"skip":true},"15":{"end":{"line":20,"column":2},"start":{"line":18,"column":0}},"16":{"end":{"line":19,"column":11},"start":{"line":19,"column":2}},"17":{"end":{"line":25,"column":2},"start":{"line":21,"column":0}},"18":{"end":{"line":27,"column":30},"start":{"line":27,"column":0}},"19":{"end":{"line":28,"column":32},"start":{"line":28,"column":0}},"20":{"end":{"line":29,"column":34},"start":{"line":29,"column":0}},"21":{"end":{"line":30,"column":34},"start":{"line":30,"column":0}},"22":{"end":{"line":145,"column":17},"start":{"line":32,"column":0}},"23":{"end":{"line":34,"column":20},"start":{"line":34,"column":4}},"24":{"end":{"line":35,"column":45},"start":{"line":35,"column":4}},"25":{"end":{"line":35,"column":45},"start":{"line":35,"column":21}},"26":{"end":{"line":36,"column":31},"start":{"line":36,"column":4}},"27":{"end":{"line":37,"column":15},"start":{"line":37,"column":4}},"28":{"end":{"line":51,"column":8},"start":{"line":40,"column":4}},"29":{"start":{"line":43,"column":6},"end":{"line":43,"column":23},"skip":true},"30":{"end":{"line":50,"column":9},"start":{"line":45,"column":6}},"31":{"end":{"line":46,"column":28},"start":{"line":46,"column":8}},"32":{"end":{"line":47,"column":23},"start":{"line":47,"column":8}},"33":{"end":{"line":49,"column":24},"start":{"line":49,"column":8}},"34":{"end":{"line":52,"column":52},"start":{"line":52,"column":4}},"35":{"end":{"line":52,"column":52},"start":{"line":52,"column":21}},"36":{"end":{"line":53,"column":31},"start":{"line":53,"column":4}},"37":{"end":{"line":54,"column":23},"start":{"line":54,"column":4}},"38":{"end":{"line":61,"column":8},"start":{"line":57,"column":4}},"39":{"end":{"line":58,"column":21},"start":{"line":58,"column":6}},"40":{"end":{"line":59,"column":26},"start":{"line":59,"column":6}},"41":{"end":{"line":60,"column":20},"start":{"line":60,"column":6}},"42":{"end":{"line":62,"column":52},"start":{"line":62,"column":4}},"43":{"end":{"line":62,"column":52},"start":{"line":62,"column":21}},"44":{"end":{"line":63,"column":31},"start":{"line":63,"column":4}},"45":{"end":{"line":64,"column":15},"start":{"line":64,"column":4}},"46":{"end":{"line":69,"column":7},"start":{"line":67,"column":4}},"47":{"end":{"line":68,"column":19},"start":{"line":68,"column":6}},"48":{"end":{"line":72,"column":91},"start":{"line":72,"column":4}},"49":{"end":{"line":76,"column":7},"start":{"line":74,"column":4}},"50":{"end":{"line":77,"column":25},"start":{"line":77,"column":4}},"51":{"end":{"line":78,"column":31},"start":{"line":78,"column":4}},"52":{"end":{"line":79,"column":16},"start":{"line":79,"column":4}},"53":{"start":{"line":84,"column":4},"end":{"line":84,"column":22},"skip":true},"54":{"end":{"line":86,"column":18},"start":{"line":86,"column":4}},"55":{"end":{"line":89,"column":7},"start":{"line":87,"column":4}},"56":{"end":{"line":88,"column":41},"start":{"line":88,"column":6}},"57":{"end":{"line":90,"column":14},"start":{"line":90,"column":4}},"58":{"end":{"line":93,"column":33},"start":{"line":93,"column":4}},"59":{"end":{"line":94,"column":39},"start":{"line":94,"column":4}},"60":{"end":{"line":94,"column":39},"start":{"line":94,"column":21}},"61":{"end":{"line":95,"column":16},"start":{"line":95,"column":4}},"62":{"end":{"line":98,"column":48},"start":{"line":98,"column":4}},"63":{"end":{"line":99,"column":57},"start":{"line":99,"column":4}},"64":{"end":{"line":99,"column":57},"start":{"line":99,"column":20}},"65":{"end":{"line":100,"column":16},"start":{"line":100,"column":4}},"66":{"end":{"line":103,"column":33},"start":{"line":103,"column":4}},"67":{"end":{"line":104,"column":16},"start":{"line":104,"column":4}},"68":{"end":{"line":107,"column":48},"start":{"line":107,"column":4}},"69":{"end":{"line":108,"column":57},"start":{"line":108,"column":4}},"70":{"end":{"line":108,"column":57},"start":{"line":108,"column":20}},"71":{"end":{"line":109,"column":16},"start":{"line":109,"column":4}},"72":{"end":{"line":112,"column":33},"start":{"line":112,"column":4}},"73":{"end":{"line":117,"column":5},"start":{"line":115,"column":2}},"74":{"end":{"line":116,"column":28},"start":{"line":116,"column":4}},"75":{"end":{"line":120,"column":5},"start":{"line":118,"column":2}},"76":{"end":{"line":122,"column":25},"start":{"line":122,"column":2}},"77":{"start":{"line":126,"column":2},"end":{"line":126,"column":20},"skip":true},"78":{"end":{"line":128,"column":27},"start":{"line":128,"column":2}},"79":{"end":{"line":128,"column":27},"start":{"line":128,"column":20}},"80":{"end":{"line":131,"column":5},"start":{"line":129,"column":2}},"81":{"end":{"line":134,"column":5},"start":{"line":132,"column":2}},"82":{"end":{"line":133,"column":31},"start":{"line":133,"column":4}},"83":{"end":{"line":137,"column":5},"start":{"line":135,"column":2}},"84":{"end":{"line":136,"column":52},"start":{"line":136,"column":4}},"85":{"end":{"line":141,"column":5},"start":{"line":139,"column":2}},"86":{"end":{"line":140,"column":19},"start":{"line":140,"column":4}},"87":{"end":{"line":144,"column":5},"start":{"line":142,"column":2}},"88":{"end":{"line":143,"column":27},"start":{"line":143,"column":4}},"89":{"end":{"line":154,"column":1},"start":{"line":147,"column":0}},"90":{"end":{"line":148,"column":16},"start":{"line":148,"column":2}},"91":{"end":{"line":152,"column":5},"start":{"line":149,"column":2}},"92":{"end":{"line":150,"column":27},"start":{"line":150,"column":4}},"93":{"end":{"line":151,"column":37},"start":{"line":151,"column":4}},"94":{"end":{"line":151,"column":37},"start":{"line":151,"column":18}},"95":{"end":{"line":153,"column":12},"start":{"line":153,"column":2}},"96":{"end":{"line":174,"column":1},"start":{"line":156,"column":0}},"97":{"end":{"line":157,"column":91},"start":{"line":157,"column":2}},"98":{"end":{"line":159,"column":16},"start":{"line":159,"column":2}},"99":{"end":{"line":160,"column":18},"start":{"line":160,"column":2}},"100":{"end":{"line":169,"column":4},"start":{"line":161,"column":2}},"101":{"end":{"line":162,"column":18},"start":{"line":162,"column":4}},"102":{"end":{"line":168,"column":5},"start":{"line":163,"column":4}},"103":{"end":{"line":164,"column":38},"start":{"line":164,"column":6}},"104":{"end":{"line":166,"column":34},"start":{"line":166,"column":6}},"105":{"end":{"line":167,"column":18},"start":{"line":167,"column":6}},"106":{"end":{"line":172,"column":5},"start":{"line":170,"column":2}},"107":{"end":{"line":171,"column":37},"start":{"line":171,"column":4}},"108":{"end":{"line":173,"column":12},"start":{"line":173,"column":2}},"109":{"end":{"line":210,"column":1},"start":{"line":176,"column":0}},"110":{"end":{"line":177,"column":84},"start":{"line":177,"column":2}},"111":{"end":{"line":178,"column":86},"start":{"line":178,"column":2}},"112":{"end":{"line":180,"column":45},"start":{"line":180,"column":2}},"113":{"end":{"line":181,"column":19},"start":{"line":181,"column":2}},"114":{"end":{"line":182,"column":31},"start":{"line":182,"column":2}},"115":{"end":{"line":182,"column":31},"start":{"line":182,"column":19}},"116":{"end":{"line":209,"column":5},"start":{"line":183,"column":2}},"117":{"end":{"line":212,"column":64},"start":{"line":212,"column":0}},"118":{"end":{"line":213,"column":36},"start":{"line":213,"column":0}}},"branchMap":{"1":{"line":8,"type":"binary-expr","locations":[{"start":{"line":8,"column":15},"end":{"line":8,"column":28},"skip":true},{"start":{"line":8,"column":32},"end":{"line":8,"column":256},"skip":true}]},"2":{"line":11,"type":"if","locations":[{"start":{"line":8,"column":150},"end":{"line":8,"column":150},"skip":true},{"start":{"line":8,"column":150},"end":{"line":8,"column":150},"skip":true}]},"3":{"line":25,"type":"if","locations":[{"start":{"line":16,"column":44},"end":{"line":16,"column":44},"skip":true},{"start":{"line":16,"column":44},"end":{"line":16,"column":44},"skip":true}]},"4":{"line":49,"type":"if","locations":[{"end":{"line":35,"column":4},"start":{"line":35,"column":4}},{"end":{"line":35,"column":4},"start":{"line":35,"column":4}}]},"5":{"line":66,"type":"if","locations":[{"end":{"line":52,"column":4},"start":{"line":52,"column":4}},{"end":{"line":52,"column":4},"start":{"line":52,"column":4}}]},"6":{"line":76,"type":"if","locations":[{"end":{"line":62,"column":4},"start":{"line":62,"column":4}},{"end":{"line":62,"column":4},"start":{"line":62,"column":4}}]},"7":{"line":86,"type":"cond-expr","locations":[{"end":{"line":72,"column":75},"start":{"line":72,"column":71}},{"end":{"line":72,"column":90},"start":{"line":72,"column":78}}]},"8":{"line":86,"type":"binary-expr","locations":[{"end":{"line":72,"column":38},"start":{"line":72,"column":17}},{"end":{"line":72,"column":68},"start":{"line":72,"column":42}}]},"9":{"line":108,"type":"if","locations":[{"end":{"line":94,"column":4},"start":{"line":94,"column":4}},{"end":{"line":94,"column":4},"start":{"line":94,"column":4}}]},"10":{"line":113,"type":"if","locations":[{"end":{"line":99,"column":4},"start":{"line":99,"column":4}},{"end":{"line":99,"column":4},"start":{"line":99,"column":4}}]},"11":{"line":122,"type":"if","locations":[{"end":{"line":108,"column":4},"start":{"line":108,"column":4}},{"end":{"line":108,"column":4},"start":{"line":108,"column":4}}]},"12":{"line":142,"type":"if","locations":[{"end":{"line":128,"column":2},"start":{"line":128,"column":2}},{"end":{"line":128,"column":2},"start":{"line":128,"column":2}}]},"13":{"line":165,"type":"if","locations":[{"end":{"line":151,"column":4},"start":{"line":151,"column":4}},{"end":{"line":151,"column":4},"start":{"line":151,"column":4}}]},"14":{"line":171,"type":"cond-expr","locations":[{"end":{"line":157,"column":75},"start":{"line":157,"column":73}},{"end":{"line":157,"column":90},"start":{"line":157,"column":78}}]},"15":{"line":171,"type":"binary-expr","locations":[{"end":{"line":157,"column":40},"start":{"line":157,"column":19}},{"end":{"line":157,"column":70},"start":{"line":157,"column":44}}]},"16":{"line":177,"type":"if","locations":[{"end":{"line":163,"column":4},"start":{"line":163,"column":4}},{"end":{"line":163,"column":4},"start":{"line":163,"column":4}}]},"17":{"line":191,"type":"cond-expr","locations":[{"end":{"line":177,"column":68},"start":{"line":177,"column":66}},{"end":{"line":177,"column":83},"start":{"line":177,"column":71}}]},"18":{"line":191,"type":"binary-expr","locations":[{"end":{"line":177,"column":33},"start":{"line":177,"column":12}},{"end":{"line":177,"column":63},"start":{"line":177,"column":37}}]},"19":{"line":192,"type":"cond-expr","locations":[{"end":{"line":178,"column":70},"start":{"line":178,"column":68}},{"end":{"line":178,"column":85},"start":{"line":178,"column":73}}]},"20":{"line":192,"type":"binary-expr","locations":[{"end":{"line":178,"column":35},"start":{"line":178,"column":14}},{"end":{"line":178,"column":65},"start":{"line":178,"column":39}}]},"21":{"line":196,"type":"if","locations":[{"end":{"line":182,"column":2},"start":{"line":182,"column":2}},{"end":{"line":182,"column":2},"start":{"line":182,"column":2}}]},"22":{"line":209,"type":"cond-expr","locations":[{"end":{"line":195,"column":29},"start":{"line":195,"column":26}},{"end":{"line":195,"column":34},"start":{"line":195,"column":32}}]}}},"/Users/joe/Workspace/Fourth of 5/FRP/fnutil/utils/index.js":{"path":"/Users/joe/Workspace/Fourth of 5/FRP/fnutil/utils/index.js","s":{"1":1,"2":1,"3":7,"4":5,"5":43,"6":5,"7":2,"8":1,"9":1,"10":1,"11":17,"12":17,"13":17,"14":17,"15":17,"16":17,"17":17,"18":17,"19":17,"20":17,"21":8,"22":8,"23":8,"24":8,"25":0,"26":17,"27":1,"28":17,"29":1,"30":1,"31":1,"32":3,"33":10,"34":1,"35":10,"36":1,"37":10,"38":5,"39":1,"40":2,"41":3,"42":1,"43":1,"44":1,"45":1,"46":1,"47":5,"48":17,"49":5,"50":5,"51":17,"52":1,"53":3,"54":1,"55":1,"56":3,"57":2,"58":4,"59":8,"60":4,"61":4,"62":8,"63":4,"64":6,"65":1,"66":1},"b":{"1":[5,2],"2":[17,0],"3":[17,1],"4":[8,9],"5":[8,0],"6":[8,0],"7":[1,16],"8":[2,8],"9":[8,8]},"f":{"1":7,"2":1,"3":3,"4":10,"5":10,"6":1,"7":10,"8":5,"9":1,"10":2,"11":3,"12":1,"13":1,"14":1,"15":1,"16":1,"17":5,"18":5,"19":17,"20":1,"21":1,"22":3,"23":2,"24":4,"25":4,"26":8,"27":4,"28":6,"29":1},"fnMap":{"1":{"name":"_toConsumableArray","line":8,"loc":{"start":{"line":8,"column":0},"end":{"line":8,"column":33}},"skip":true},"2":{"name":"_createDecoratedObject","line":18,"loc":{"start":{"line":12,"column":0},"end":{"line":12,"column":45}},"skip":true},"3":{"loc":{"start":{"line":16,"column":14},"end":{"line":16,"column":34}},"line":36,"name":"flatten"},"4":{"loc":{"start":{"line":17,"column":18},"end":{"line":17,"column":36}},"line":37,"name":"(anonymous_4)"},"5":{"loc":{"start":{"line":25,"column":9},"end":{"line":25,"column":32}},"line":45,"name":"filter"},"6":{"loc":{"start":{"line":31,"column":9},"end":{"line":31,"column":35}},"line":51,"name":"filterNot"},"7":{"loc":{"start":{"line":32,"column":20},"end":{"line":32,"column":33}},"line":52,"name":"(anonymous_7)"},"8":{"loc":{"start":{"line":39,"column":9},"end":{"line":39,"column":29}},"line":59,"name":"map"},"9":{"loc":{"start":{"line":45,"column":9},"end":{"line":45,"column":35}},"line":65,"name":"reduce"},"10":{"loc":{"start":{"line":51,"column":9},"end":{"line":51,"column":31}},"line":71,"name":"concat"},"11":{"loc":{"start":{"line":57,"column":9},"end":{"line":57,"column":30}},"line":77,"name":"sort"},"12":{"loc":{"start":{"line":63,"column":9},"end":{"line":63,"column":32}},"line":83,"name":"spread"},"13":{"loc":{"start":{"line":69,"column":9},"end":{"line":69,"column":31}},"line":89,"name":"split"},"14":{"loc":{"start":{"line":74,"column":9},"end":{"line":74,"column":26}},"line":94,"name":"head"},"15":{"loc":{"start":{"line":79,"column":9},"end":{"line":79,"column":26}},"line":99,"name":"tail"},"16":{"loc":{"start":{"line":84,"column":9},"end":{"line":84,"column":29}},"line":104,"name":"reverse"},"17":{"loc":{"start":{"line":89,"column":9},"end":{"line":89,"column":28}},"line":109,"name":"compose"},"18":{"loc":{"start":{"line":94,"column":11},"end":{"line":94,"column":24}},"line":114,"name":"(anonymous_18)"},"19":{"loc":{"start":{"line":95,"column":27},"end":{"line":95,"column":44}},"line":115,"name":"(anonymous_19)"},"20":{"loc":{"start":{"line":102,"column":9},"end":{"line":102,"column":32}},"line":122,"name":"composeLeft"},"21":{"loc":{"start":{"line":107,"column":11},"end":{"line":107,"column":24}},"line":127,"name":"(anonymous_21)"},"22":{"loc":{"start":{"line":108,"column":22},"end":{"line":108,"column":39}},"line":128,"name":"(anonymous_22)"},"23":{"loc":{"start":{"line":115,"column":9},"end":{"line":115,"column":26}},"line":135,"name":"uniq"},"24":{"loc":{"start":{"line":120,"column":9},"end":{"line":120,"column":32}},"line":140,"name":"filterSplit"},"25":{"loc":{"start":{"line":125,"column":11},"end":{"line":125,"column":24}},"line":145,"name":"(anonymous_25)"},"26":{"loc":{"start":{"line":126,"column":22},"end":{"line":126,"column":41}},"line":146,"name":"(anonymous_26)"},"27":{"loc":{"start":{"line":133,"column":9},"end":{"line":133,"column":29}},"line":153,"name":"combine"},"28":{"loc":{"start":{"line":134,"column":20},"end":{"line":134,"column":38}},"line":154,"name":"(anonymous_28)"},"29":{"loc":{"start":{"line":140,"column":15},"end":{"line":140,"column":38}},"line":160,"name":"initializer"}},"statementMap":{"1":{"end":{"line":5,"column":3},"start":{"line":3,"column":0}},"2":{"start":{"line":8,"column":0},"end":{"line":8,"column":191},"skip":true},"3":{"start":{"line":8,"column":35},"end":{"line":8,"column":189},"skip":true},"4":{"start":{"line":8,"column":61},"end":{"line":8,"column":141},"skip":true},"5":{"start":{"line":8,"column":124},"end":{"line":8,"column":141},"skip":true},"6":{"start":{"line":8,"column":141},"end":{"line":8,"column":154},"skip":true},"7":{"start":{"line":8,"column":164},"end":{"line":8,"column":187},"skip":true},"8":{"start":{"line":12,"column":0},"end":{"line":12,"column":887},"skip":true},"9":{"start":{"line":12,"column":47},"end":{"line":12,"column":63},"skip":true},"10":{"start":{"line":12,"column":63},"end":{"line":12,"column":870},"skip":true},"11":{"start":{"line":12,"column":111},"end":{"line":12,"column":143},"skip":true},"12":{"start":{"line":12,"column":143},"end":{"line":12,"column":183},"skip":true},"13":{"start":{"line":12,"column":183},"end":{"line":12,"column":209},"skip":true},"14":{"start":{"line":12,"column":209},"end":{"line":12,"column":232},"skip":true},"15":{"start":{"line":12,"column":232},"end":{"line":12,"column":262},"skip":true},"16":{"start":{"line":12,"column":262},"end":{"line":12,"column":292},"skip":true},"17":{"start":{"line":12,"column":292},"end":{"line":12,"column":324},"skip":true},"18":{"start":{"line":12,"column":324},"end":{"line":12,"column":405},"skip":true},"19":{"start":{"line":12,"column":378},"end":{"line":12,"column":405},"skip":true},"20":{"start":{"line":12,"column":405},"end":{"line":12,"column":732},"skip":true},"21":{"start":{"line":12,"column":424},"end":{"line":12,"column":730},"skip":true},"22":{"start":{"line":12,"column":470},"end":{"line":12,"column":500},"skip":true},"23":{"start":{"line":12,"column":500},"end":{"line":12,"column":728},"skip":true},"24":{"start":{"line":12,"column":540},"end":{"line":12,"column":602},"skip":true},"25":{"start":{"line":12,"column":612},"end":{"line":12,"column":726},"skip":true},"26":{"start":{"line":12,"column":732},"end":{"line":12,"column":820},"skip":true},"27":{"start":{"line":12,"column":763},"end":{"line":12,"column":818},"skip":true},"28":{"start":{"line":12,"column":820},"end":{"line":12,"column":868},"skip":true},"29":{"start":{"line":12,"column":870},"end":{"line":12,"column":885},"skip":true},"30":{"end":{"line":14,"column":43},"start":{"line":14,"column":0}},"31":{"end":{"line":20,"column":2},"start":{"line":16,"column":0}},"32":{"end":{"line":19,"column":9},"start":{"line":17,"column":2}},"33":{"end":{"line":18,"column":69},"start":{"line":18,"column":4}},"34":{"end":{"line":143,"column":4},"start":{"line":22,"column":0}},"35":{"end":{"line":26,"column":24},"start":{"line":26,"column":4}},"36":{"end":{"line":34,"column":7},"start":{"line":32,"column":4}},"37":{"end":{"line":33,"column":20},"start":{"line":33,"column":6}},"38":{"end":{"line":40,"column":21},"start":{"line":40,"column":4}},"39":{"end":{"line":46,"column":27},"start":{"line":46,"column":4}},"40":{"end":{"line":52,"column":23},"start":{"line":52,"column":4}},"41":{"end":{"line":58,"column":53},"start":{"line":58,"column":4}},"42":{"end":{"line":64,"column":54},"start":{"line":64,"column":4}},"43":{"end":{"line":70,"column":23},"start":{"line":70,"column":4}},"44":{"end":{"line":75,"column":16},"start":{"line":75,"column":4}},"45":{"end":{"line":80,"column":27},"start":{"line":80,"column":4}},"46":{"end":{"line":85,"column":54},"start":{"line":85,"column":4}},"47":{"end":{"line":92,"column":5},"start":{"line":90,"column":4}},"48":{"end":{"line":91,"column":32},"start":{"line":91,"column":6}},"49":{"end":{"line":98,"column":6},"start":{"line":94,"column":4}},"50":{"end":{"line":97,"column":12},"start":{"line":95,"column":6}},"51":{"end":{"line":96,"column":21},"start":{"line":96,"column":8}},"52":{"end":{"line":105,"column":5},"start":{"line":103,"column":4}},"53":{"end":{"line":104,"column":34},"start":{"line":104,"column":6}},"54":{"end":{"line":111,"column":6},"start":{"line":107,"column":4}},"55":{"end":{"line":110,"column":12},"start":{"line":108,"column":6}},"56":{"end":{"line":109,"column":21},"start":{"line":109,"column":8}},"57":{"end":{"line":116,"column":53},"start":{"line":116,"column":4}},"58":{"end":{"line":123,"column":5},"start":{"line":121,"column":4}},"59":{"end":{"line":122,"column":34},"start":{"line":122,"column":6}},"60":{"end":{"line":129,"column":6},"start":{"line":125,"column":4}},"61":{"end":{"line":128,"column":13},"start":{"line":126,"column":6}},"62":{"end":{"line":127,"column":38},"start":{"line":127,"column":8}},"63":{"end":{"line":136,"column":11},"start":{"line":134,"column":4}},"64":{"end":{"line":135,"column":27},"start":{"line":135,"column":6}},"65":{"end":{"line":141,"column":19},"start":{"line":141,"column":4}},"66":{"end":{"line":144,"column":36},"start":{"line":144,"column":0}}},"branchMap":{"1":{"line":9,"type":"if","locations":[{"start":{"line":8,"column":35},"end":{"line":8,"column":35},"skip":true},{"start":{"line":8,"column":35},"end":{"line":8,"column":35},"skip":true}]},"2":{"line":20,"type":"if","locations":[{"start":{"line":12,"column":324},"end":{"line":12,"column":324},"skip":true},{"start":{"line":12,"column":324},"end":{"line":12,"column":324},"skip":true}]},"3":{"line":20,"type":"binary-expr","locations":[{"start":{"line":12,"column":329},"end":{"line":12,"column":350},"skip":true},{"start":{"line":12,"column":354},"end":{"line":12,"column":376},"skip":true}]},"4":{"line":20,"type":"if","locations":[{"start":{"line":12,"column":405},"end":{"line":12,"column":405},"skip":true},{"start":{"line":12,"column":405},"end":{"line":12,"column":405},"skip":true}]},"5":{"line":22,"type":"if","locations":[{"start":{"line":12,"column":500},"end":{"line":12,"column":500},"skip":true},{"start":{"line":12,"column":500},"end":{"line":12,"column":500},"skip":true}]},"6":{"line":23,"type":"binary-expr","locations":[{"start":{"line":12,"column":553},"end":{"line":12,"column":587},"skip":true},{"start":{"line":12,"column":591},"end":{"line":12,"column":601},"skip":true}]},"7":{"line":28,"type":"if","locations":[{"start":{"line":12,"column":732},"end":{"line":12,"column":732},"skip":true},{"start":{"line":12,"column":732},"end":{"line":12,"column":732},"skip":true}]},"8":{"line":38,"type":"cond-expr","locations":[{"end":{"line":18,"column":52},"start":{"line":18,"column":30}},{"end":{"line":18,"column":68},"start":{"line":18,"column":55}}]},"9":{"line":147,"type":"binary-expr","locations":[{"end":{"line":127,"column":30},"start":{"line":127,"column":15}},{"end":{"line":127,"column":37},"start":{"line":127,"column":34}}]}}}}