TN:
SF:/Users/joe/Workspace/Fourth of 5/FRP/fnutil/core/index.js
FN:8,_interopRequire
FNF:1
FNH:1
FNDA:3,_interopRequire
DA:3,1
DA:8,3
DA:10,1
DA:12,1
DA:14,1
DA:16,1
DA:18,1
DA:20,1
LF:8
LH:8
BRDA:9,1,0,0
BRDA:9,1,1,3
BRDA:9,2,0,3
BRDA:9,2,1,3
BRF:4
BRH:4
end_of_record
TN:
SF:/Users/joe/Workspace/Fourth of 5/FRP/fnutil/core/curry.js
FN:9,_toConsumableArray
FN:17,curry
FN:20,(anonymous_3)
FNF:3
FNH:3
FNDA:26,_toConsumableArray
FNDA:36,curry
FNDA:52,(anonymous_3)
DA:3,1
DA:6,1
DA:9,55
DA:11,1
DA:12,36
DA:14,36
DA:15,52
DA:16,53
DA:19,52
DA:20,52
DA:24,1
LF:11
LH:11
BRDA:10,1,0,26
BRDA:10,1,1,0
BRDA:18,2,0,10
BRDA:18,2,1,26
BRDA:18,3,0,36
BRDA:18,3,1,26
BRDA:26,4,0,26
BRDA:26,4,1,26
BRF:8
BRH:8
end_of_record
TN:
SF:/Users/joe/Workspace/Fourth of 5/FRP/fnutil/core/curryRight.js
FN:9,_toConsumableArray
FN:17,curryRight
FN:20,(anonymous_3)
FNF:3
FNH:3
FNDA:2,_toConsumableArray
FNDA:6,curryRight
FNDA:6,(anonymous_3)
DA:3,1
DA:6,1
DA:9,6
DA:11,1
DA:12,6
DA:14,6
DA:15,6
DA:16,6
DA:19,6
DA:20,6
DA:24,1
LF:11
LH:11
BRDA:10,1,0,2
BRDA:10,1,1,0
BRDA:18,2,0,2
BRDA:18,2,1,4
BRDA:18,3,0,6
BRDA:18,3,1,4
BRDA:26,4,0,2
BRDA:26,4,1,4
BRF:8
BRH:8
end_of_record
TN:
SF:/Users/joe/Workspace/Fourth of 5/FRP/fnutil/core/memoize.js
FN:8,memoize
FN:10,memo
FN:15,(anonymous_3)
FN:23,value
FNF:4
FNH:4
FNDA:3,memoize
FNDA:4,memo
FNDA:8,(anonymous_3)
FNDA:4,value
DA:3,1
DA:6,1
DA:8,1
DA:9,3
DA:10,3
DA:11,4
DA:12,8
DA:15,4
DA:16,8
DA:18,4
DA:19,4
DA:21,3
DA:24,4
DA:29,1
LF:14
LH:14
BRDA:16,1,0,2
BRDA:16,1,1,6
BRDA:18,2,0,3
BRDA:18,2,1,1
BRF:4
BRH:4
end_of_record
TN:
SF:/Users/joe/Workspace/Fourth of 5/FRP/fnutil/decorators/index.js
FN:8,_interopRequire
FNF:1
FNH:1
FNDA:3,_interopRequire
DA:3,1
DA:8,3
DA:10,1
DA:12,1
DA:14,1
DA:16,1
DA:18,1
DA:20,1
LF:8
LH:8
BRDA:9,1,0,0
BRDA:9,1,1,3
BRDA:9,2,0,3
BRDA:9,2,1,3
BRF:4
BRH:4
end_of_record
TN:
SF:/Users/joe/Workspace/Fourth of 5/FRP/fnutil/decorators/curry.js
FN:8,_interopRequireDefault
FNF:1
FNH:1
FNDA:2,_interopRequireDefault
DA:3,1
DA:8,2
DA:10,1
DA:12,1
DA:14,1
DA:16,1
DA:18,1
DA:19,1
LF:8
LH:8
BRDA:9,1,0,0
BRDA:9,1,1,2
BRDA:9,2,0,2
BRDA:9,2,1,2
BRF:4
BRH:4
end_of_record
TN:
SF:/Users/joe/Workspace/Fourth of 5/FRP/fnutil/decorators/create.js
FN:8,(anonymous_1)
FN:20,create
FN:21,(anonymous_3)
FNF:3
FNH:3
FNDA:0,(anonymous_1)
FNDA:3,create
FNDA:11,(anonymous_3)
DA:3,1
DA:8,1
DA:10,1
DA:12,1
DA:13,3
DA:14,11
DA:20,1
LF:7
LH:7
BRDA:8,1,0,1
BRDA:8,1,1,0
BRDA:11,2,0,0
BRDA:11,2,1,0
BRF:4
BRH:4
end_of_record
TN:
SF:/Users/joe/Workspace/Fourth of 5/FRP/fnutil/decorators/curryRight.js
FN:8,_interopRequireDefault
FNF:1
FNH:1
FNDA:2,_interopRequireDefault
DA:3,1
DA:8,2
DA:10,1
DA:12,1
DA:14,1
DA:16,1
DA:18,1
DA:19,1
LF:8
LH:8
BRDA:9,1,0,0
BRDA:9,1,1,2
BRDA:9,2,0,2
BRDA:9,2,1,2
BRF:4
BRH:4
end_of_record
TN:
SF:/Users/joe/Workspace/Fourth of 5/FRP/fnutil/decorators/memoize.js
FN:8,_interopRequireDefault
FNF:1
FNH:1
FNDA:2,_interopRequireDefault
DA:3,1
DA:8,2
DA:10,1
DA:12,1
DA:14,1
DA:16,1
DA:18,1
DA:19,1
LF:8
LH:8
BRDA:9,1,0,0
BRDA:9,1,1,2
BRDA:9,2,0,2
BRDA:9,2,1,2
BRF:4
BRH:4
end_of_record
TN:
SF:/Users/joe/Workspace/Fourth of 5/FRP/fnutil/index.js
FN:8,_interopRequireDefault
FN:14,_interopRequireWildcard
FNF:2
FNH:2
FNDA:1,_interopRequireDefault
FNDA:3,_interopRequireWildcard
DA:3,1
DA:8,1
DA:12,3
DA:14,1
DA:16,1
DA:18,1
DA:20,1
DA:22,1
DA:24,1
DA:26,1
DA:28,1
DA:30,1
DA:36,1
LF:13
LH:13
BRDA:9,1,0,0
BRDA:9,1,1,1
BRDA:9,2,0,1
BRDA:9,2,1,1
BRDA:15,3,0,2
BRDA:15,3,1,1
BRDA:15,4,0,3
BRDA:15,4,1,3
BRDA:18,5,0,1
BRDA:18,5,1,0
BRDA:20,6,0,3
BRDA:20,6,1,0
BRF:12
BRH:12
end_of_record
TN:
SF:/Users/joe/Workspace/Fourth of 5/FRP/fnutil/observable/index.js
FN:8,(anonymous_1)
FN:24,_defineProperty
FN:32,id
FN:47,map
FN:53,mapPromise
FN:54,(anonymous_6)
FN:59,(anonymous_7)
FN:62,(anonymous_8)
FN:70,filter
FN:71,(anonymous_10)
FN:80,filterNot
FN:81,(anonymous_12)
FN:85,plug
FN:95,sampledBy
FN:101,(anonymous_15)
FN:106,onValue
FN:111,offValue
FN:116,onError
FN:120,offError
FN:125,valueOf
FN:128,(anonymous_21)
FN:129,(anonymous_22)
FN:135,(anonymous_23)
FN:137,(anonymous_24)
FN:146,(anonymous_25)
FN:149,(anonymous_26)
FN:152,(anonymous_27)
FN:153,(anonymous_28)
FN:156,(anonymous_29)
FN:161,merge
FN:163,(anonymous_31)
FN:170,combine
FN:175,addToBuffer
FN:177,(anonymous_34)
FN:184,(anonymous_35)
FN:190,of
FNF:36
FNH:34
FNDA:0,(anonymous_1)
FNDA:21,_defineProperty
FNDA:44,id
FNDA:24,map
FNDA:3,mapPromise
FNDA:3,(anonymous_6)
FNDA:2,(anonymous_7)
FNDA:1,(anonymous_8)
FNDA:14,filter
FNDA:18,(anonymous_10)
FNDA:6,filterNot
FNDA:7,(anonymous_12)
FNDA:96,plug
FNDA:1,sampledBy
FNDA:3,(anonymous_15)
FNDA:31,onValue
FNDA:1,offValue
FNDA:1,onError
FNDA:0,offError
FNDA:0,valueOf
FNDA:179,(anonymous_21)
FNDA:63,(anonymous_22)
FNDA:75,(anonymous_23)
FNDA:95,(anonymous_24)
FNDA:19,(anonymous_25)
FNDA:39,(anonymous_26)
FNDA:2,(anonymous_27)
FNDA:1,(anonymous_28)
FNDA:1,(anonymous_29)
FNDA:1,merge
FNDA:3,(anonymous_31)
FNDA:3,combine
FNDA:27,addToBuffer
FNDA:54,(anonymous_34)
FNDA:9,(anonymous_35)
FNDA:66,of
DA:3,1
DA:8,1
DA:12,1
DA:16,21
DA:18,1
DA:19,44
DA:21,1
DA:27,1
DA:28,1
DA:29,1
DA:30,1
DA:32,1
DA:34,24
DA:35,24
DA:36,24
DA:37,24
DA:40,3
DA:43,3
DA:45,3
DA:46,2
DA:47,2
DA:49,1
DA:52,3
DA:53,3
DA:54,3
DA:57,14
DA:58,18
DA:59,18
DA:60,18
DA:62,14
DA:63,14
DA:64,14
DA:67,6
DA:68,7
DA:72,96
DA:74,96
DA:77,96
DA:78,96
DA:79,96
DA:84,1
DA:86,1
DA:87,1
DA:88,3
DA:90,1
DA:93,31
DA:94,31
DA:95,31
DA:98,1
DA:99,1
DA:100,1
DA:103,1
DA:104,1
DA:107,0
DA:108,0
DA:109,0
DA:112,0
DA:115,179
DA:116,63
DA:118,179
DA:122,75
DA:126,95
DA:128,95
DA:129,84
DA:132,84
DA:133,19
DA:135,84
DA:136,39
DA:139,2
DA:140,1
DA:142,2
DA:143,1
DA:147,1
DA:148,1
DA:149,1
DA:150,3
DA:151,3
DA:153,1
DA:156,1
DA:157,3
DA:159,3
DA:160,3
DA:161,3
DA:162,27
DA:163,27
DA:164,54
DA:166,9
DA:167,9
DA:170,3
DA:171,9
DA:173,3
DA:176,1
DA:177,66
DA:178,66
DA:180,66
DA:181,66
DA:182,66
DA:183,66
DA:212,1
DA:213,1
LF:99
LH:95
BRDA:8,1,0,1
BRDA:8,1,1,0
BRDA:11,2,0,0
BRDA:11,2,1,0
BRDA:25,3,0,0
BRDA:25,3,1,21
BRDA:49,4,0,13
BRDA:49,4,1,11
BRDA:66,5,0,2
BRDA:66,5,1,1
BRDA:76,6,0,10
BRDA:76,6,1,4
BRDA:86,7,0,45
BRDA:86,7,1,51
BRDA:86,8,0,96
BRDA:86,8,1,51
BRDA:108,9,0,10
BRDA:108,9,1,21
BRDA:113,10,0,1
BRDA:113,10,1,0
BRDA:122,11,0,0
BRDA:122,11,1,0
BRDA:142,12,0,11
BRDA:142,12,1,84
BRDA:165,13,0,0
BRDA:165,13,1,3
BRDA:171,14,0,1
BRDA:171,14,1,2
BRDA:171,15,0,3
BRDA:171,15,1,2
BRDA:177,16,0,9
BRDA:177,16,1,18
BRDA:191,17,0,13
BRDA:191,17,1,53
BRDA:191,18,0,66
BRDA:191,18,1,53
BRDA:192,19,0,49
BRDA:192,19,1,17
BRDA:192,20,0,66
BRDA:192,20,1,17
BRDA:196,21,0,12
BRDA:196,21,1,54
BRDA:209,22,0,54
BRDA:209,22,1,12
BRF:44
BRH:40
end_of_record
TN:
SF:/Users/joe/Workspace/Fourth of 5/FRP/fnutil/utils/index.js
FN:8,_toConsumableArray
FN:18,_createDecoratedObject
FN:36,flatten
FN:37,(anonymous_4)
FN:45,filter
FN:51,filterNot
FN:52,(anonymous_7)
FN:59,map
FN:65,reduce
FN:71,concat
FN:77,sort
FN:83,spread
FN:89,split
FN:94,head
FN:99,tail
FN:104,reverse
FN:109,compose
FN:114,(anonymous_18)
FN:115,(anonymous_19)
FN:122,composeLeft
FN:127,(anonymous_21)
FN:128,(anonymous_22)
FN:135,uniq
FN:140,filterSplit
FN:145,(anonymous_25)
FN:146,(anonymous_26)
FN:153,combine
FN:154,(anonymous_28)
FN:160,initializer
FNF:29
FNH:29
FNDA:7,_toConsumableArray
FNDA:1,_createDecoratedObject
FNDA:3,flatten
FNDA:10,(anonymous_4)
FNDA:10,filter
FNDA:1,filterNot
FNDA:10,(anonymous_7)
FNDA:5,map
FNDA:1,reduce
FNDA:2,concat
FNDA:3,sort
FNDA:1,spread
FNDA:1,split
FNDA:1,head
FNDA:1,tail
FNDA:1,reverse
FNDA:5,compose
FNDA:5,(anonymous_18)
FNDA:17,(anonymous_19)
FNDA:1,composeLeft
FNDA:1,(anonymous_21)
FNDA:3,(anonymous_22)
FNDA:2,uniq
FNDA:4,filterSplit
FNDA:4,(anonymous_25)
FNDA:8,(anonymous_26)
FNDA:4,combine
FNDA:6,(anonymous_28)
FNDA:1,initializer
DA:3,1
DA:8,43
DA:12,17
DA:14,1
DA:16,1
DA:17,3
DA:18,10
DA:22,1
DA:26,10
DA:32,1
DA:33,10
DA:40,5
DA:46,1
DA:52,2
DA:58,3
DA:64,1
DA:70,1
DA:75,1
DA:80,1
DA:85,1
DA:90,5
DA:91,17
DA:94,5
DA:95,5
DA:96,17
DA:103,1
DA:104,3
DA:107,1
DA:108,1
DA:109,3
DA:116,2
DA:121,4
DA:122,8
DA:125,4
DA:126,4
DA:127,8
DA:134,4
DA:135,6
DA:141,1
DA:144,1
LF:40
LH:40
BRDA:9,1,0,5
BRDA:9,1,1,2
BRDA:20,2,0,17
BRDA:20,2,1,0
BRDA:20,3,0,17
BRDA:20,3,1,1
BRDA:20,4,0,8
BRDA:20,4,1,9
BRDA:22,5,0,8
BRDA:22,5,1,0
BRDA:23,6,0,8
BRDA:23,6,1,0
BRDA:28,7,0,1
BRDA:28,7,1,16
BRDA:38,8,0,2
BRDA:38,8,1,8
BRDA:147,9,0,8
BRDA:147,9,1,8
BRF:18
BRH:18
end_of_record
